2026-05-18 11:34:12 INFO  com.auth.backend.BackendApplication - Starting BackendApplication using Java 21.0.10 with PID 30301 (/home/izzatbek/Desktop/authentication/backend/target/classes started by izzatbek in /home/izzatbek/Desktop/authentication/backend)
2026-05-18 11:34:12 DEBUG com.auth.backend.BackendApplication - Running with Spring Boot v4.0.6, Spring v7.0.7
2026-05-18 11:34:12 INFO  com.auth.backend.BackendApplication - No active profile set, falling back to 1 default profile: "default"
2026-05-18 11:34:12 INFO  o.s.b.d.e.DevToolsPropertyDefaultsPostProcessor - Devtools property defaults active! Set 'spring.devtools.add-properties' to 'false' to disable
2026-05-18 11:34:12 INFO  o.s.b.d.e.DevToolsPropertyDefaultsPostProcessor - For additional web related logging consider setting the 'logging.level.web' property to 'DEBUG'
2026-05-18 11:34:12 INFO  o.h.validator.internal.util.Version - HV000001: Hibernate Validator 9.0.1.Final
2026-05-18 11:34:12 INFO  o.s.d.r.c.RepositoryConfigurationDelegate - Multiple Spring Data modules found, entering strict repository configuration mode
2026-05-18 11:34:12 INFO  o.s.d.r.c.RepositoryConfigurationDelegate - Bootstrapping Spring Data JPA repositories in DEFAULT mode.
2026-05-18 11:34:13 INFO  o.s.d.r.c.RepositoryConfigurationDelegate - Finished Spring Data repository scanning in 110 ms. Found 2 JPA repository interfaces.
2026-05-18 11:34:13 INFO  o.s.d.r.c.RepositoryConfigurationDelegate - Multiple Spring Data modules found, entering strict repository configuration mode
2026-05-18 11:34:13 INFO  o.s.d.r.c.RepositoryConfigurationDelegate - Bootstrapping Spring Data Redis repositories in DEFAULT mode.
2026-05-18 11:34:13 INFO  o.s.d.r.c.RepositoryConfigurationExtensionSupport - Spring Data Redis - Could not safely identify store assignment for repository candidate interface com.auth.backend.repository.TokenRepository; If you want this repository to be a Redis repository, consider annotating your entities with one of these annotations: org.springframework.data.redis.core.RedisHash (preferred), or consider extending one of the following types with your repository: org.springframework.data.keyvalue.repository.KeyValueRepository
2026-05-18 11:34:13 INFO  o.s.d.r.c.RepositoryConfigurationExtensionSupport - Spring Data Redis - Could not safely identify store assignment for repository candidate interface com.auth.backend.repository.UserRepository; If you want this repository to be a Redis repository, consider annotating your entities with one of these annotations: org.springframework.data.redis.core.RedisHash (preferred), or consider extending one of the following types with your repository: org.springframework.data.keyvalue.repository.KeyValueRepository
2026-05-18 11:34:13 INFO  o.s.d.r.c.RepositoryConfigurationDelegate - Finished Spring Data repository scanning in 3 ms. Found 0 Redis repository interfaces.
2026-05-18 11:34:13 INFO  o.s.boot.tomcat.TomcatWebServer - Tomcat initialized with port 8080 (http)
2026-05-18 11:34:13 INFO  o.a.coyote.http11.Http11NioProtocol - Initializing ProtocolHandler ["http-nio-8080"]
2026-05-18 11:34:13 INFO  o.a.catalina.core.StandardService - Starting service [Tomcat]
2026-05-18 11:34:13 INFO  o.a.catalina.core.StandardEngine - Starting Servlet engine: [Apache Tomcat/11.0.21]
2026-05-18 11:34:13 INFO  o.s.b.w.c.s.WebApplicationContextInitializer - Root WebApplicationContext: initialization completed in 1343 ms
2026-05-18 11:34:13 INFO  org.hibernate.orm.jpa - HHH008540: Processing PersistenceUnitInfo [name: default]
2026-05-18 11:34:13 INFO  org.hibernate.orm.core - HHH000001: Hibernate ORM core version 7.2.12.Final
2026-05-18 11:34:14 INFO  o.s.o.j.p.SpringPersistenceUnitInfo - No LoadTimeWeaver setup: ignoring JPA class transformer
2026-05-18 11:34:14 INFO  com.zaxxer.hikari.HikariDataSource - HikariPool-1 - Starting...
2026-05-18 11:34:14 INFO  com.zaxxer.hikari.pool.HikariPool - HikariPool-1 - Added connection org.postgresql.jdbc.PgConnection@21d91729
2026-05-18 11:34:14 INFO  com.zaxxer.hikari.HikariDataSource - HikariPool-1 - Start completed.
2026-05-18 11:34:14 INFO  o.hibernate.orm.connections.pooling - HHH10001005: Database info:
	Database JDBC URL [jdbc:postgresql://localhost:5432/authentication]
	Database driver: PostgreSQL JDBC Driver
	Database dialect: PostgreSQLDialect
	Database version: 18.1
	Default catalog/schema: authentication/public
	Autocommit mode: undefined/unknown
	Isolation level: READ_COMMITTED [default READ_COMMITTED]
	JDBC fetch size: none
	Pool: DataSourceConnectionProvider
	Minimum pool size: undefined/unknown
	Maximum pool size: undefined/unknown
2026-05-18 11:34:15 INFO  org.hibernate.orm.core - HHH000489: No JTA platform available (set 'hibernate.transaction.jta.platform' to enable JTA platform integration)
2026-05-18 11:34:15 INFO  o.s.o.j.LocalContainerEntityManagerFactoryBean - Initialized JPA EntityManagerFactory for persistence unit 'default'
2026-05-18 11:34:15 INFO  o.s.d.j.r.q.QueryEnhancerFactories - Hibernate is in classpath; If applicable, HQL parser will be used.
2026-05-18 11:34:15 DEBUG c.a.b.c.JwtAuthenticationFilter$$SpringCGLIB$$0 - Filter 'jwtAuthenticationFilter' configured for use
2026-05-18 11:34:15 WARN  o.s.b.j.a.JpaBaseConfiguration$JpaWebConfiguration - spring.jpa.open-in-view is enabled by default. Therefore, database queries may be performed during view rendering. Explicitly configure spring.jpa.open-in-view to disable this warning
2026-05-18 11:34:15 INFO  o.s.s.c.a.a.c.InitializeUserDetailsBeanManagerConfigurer$InitializeUserDetailsManagerConfigurer - Global AuthenticationManager configured with UserDetailsService bean with name loadUserDetailsService
2026-05-18 11:34:16 DEBUG o.s.s.web.DefaultSecurityFilterChain - Will secure any request with filters: DisableEncodeUrlFilter, WebAsyncManagerIntegrationFilter, SecurityContextHolderFilter, HeaderWriterFilter, CorsFilter, LogoutFilter, JwtAuthenticationFilter$$SpringCGLIB$$0, RequestCacheAwareFilter, SecurityContextHolderAwareRequestFilter, AnonymousAuthenticationFilter, SessionManagementFilter, ExceptionTranslationFilter, AuthorizationFilter
2026-05-18 11:34:16 WARN  o.s.b.t.a.ThymeleafAutoConfiguration$DefaultTemplateResolverConfiguration - Cannot find template location: classpath:/templates/ (please add some templates, check your Thymeleaf configuration, or set spring.thymeleaf.check-template-location=false)
2026-05-18 11:34:16 INFO  c.r.stream.impl.StreamEnvironment - Connecting to localhost with guest user, assuming development environment
2026-05-18 11:34:16 INFO  c.r.stream.impl.StreamEnvironment - Using address resolver to always connect to localhost
2026-05-18 11:34:16 INFO  o.a.coyote.http11.Http11NioProtocol - Starting ProtocolHandler ["http-nio-8080"]
2026-05-18 11:34:16 INFO  o.s.boot.tomcat.TomcatWebServer - Tomcat started on port 8080 (http) with context path '/'
2026-05-18 11:34:16 INFO  o.s.a.r.c.CachingConnectionFactory - Attempting to connect to: [localhost:5672]
2026-05-18 11:34:16 INFO  o.s.a.r.c.CachingConnectionFactory - Created new connection: rabbitConnectionFactory#14ee8582:0/SimpleConnection@6ec2fd4b [delegate=amqp://guest@127.0.0.1:5672/, localPort=60446]
2026-05-18 11:34:16 INFO  com.auth.backend.BackendApplication - Started BackendApplication in 4.754 seconds (process running for 5.029)
2026-05-18 11:34:16 WARN  o.s.c.events.SpringDocAppInitializer - SpringDoc /api-docs endpoint is enabled by default. To disable it in production, set the property 'springdoc.api-docs.enabled=false'
2026-05-18 11:34:16 WARN  o.s.c.events.SpringDocAppInitializer - SpringDoc /swagger-ui.html endpoint is enabled by default. To disable it in production, set the property 'springdoc.swagger-ui.enabled=false'
2026-05-18 11:34:27 INFO  o.a.c.c.C.[Tomcat].[localhost].[/] - Initializing Spring DispatcherServlet 'dispatcherServlet'
2026-05-18 11:34:27 INFO  o.s.web.servlet.DispatcherServlet - Initializing Servlet 'dispatcherServlet'
2026-05-18 11:34:27 INFO  o.s.web.servlet.DispatcherServlet - Completed initialization in 2 ms
2026-05-18 11:34:27 DEBUG o.s.security.web.FilterChainProxy - Securing GET /swagger-ui.html
2026-05-18 11:34:27 DEBUG o.s.s.w.a.AnonymousAuthenticationFilter - Set SecurityContextHolder to anonymous SecurityContext
2026-05-18 11:34:27 DEBUG o.s.security.web.FilterChainProxy - Secured GET /swagger-ui.html
2026-05-18 11:34:27 DEBUG o.s.security.web.FilterChainProxy - Securing GET /swagger-ui/index.html
2026-05-18 11:34:27 DEBUG o.s.s.w.a.AnonymousAuthenticationFilter - Set SecurityContextHolder to anonymous SecurityContext
2026-05-18 11:34:27 DEBUG o.s.security.web.FilterChainProxy - Secured GET /swagger-ui/index.html
2026-05-18 11:34:27 DEBUG o.s.security.web.FilterChainProxy - Securing GET /swagger-ui/index.css
2026-05-18 11:34:27 DEBUG o.s.security.web.FilterChainProxy - Securing GET /swagger-ui/swagger-ui-bundle.js
2026-05-18 11:34:27 DEBUG o.s.security.web.FilterChainProxy - Securing GET /swagger-ui/swagger-ui.css
2026-05-18 11:34:27 DEBUG o.s.security.web.FilterChainProxy - Securing GET /swagger-ui/swagger-ui-standalone-preset.js
2026-05-18 11:34:27 DEBUG o.s.s.w.a.AnonymousAuthenticationFilter - Set SecurityContextHolder to anonymous SecurityContext
2026-05-18 11:34:27 DEBUG o.s.s.w.a.AnonymousAuthenticationFilter - Set SecurityContextHolder to anonymous SecurityContext
2026-05-18 11:34:27 DEBUG o.s.s.w.a.AnonymousAuthenticationFilter - Set SecurityContextHolder to anonymous SecurityContext
2026-05-18 11:34:27 DEBUG o.s.security.web.FilterChainProxy - Secured GET /swagger-ui/swagger-ui-bundle.js
2026-05-18 11:34:27 DEBUG o.s.security.web.FilterChainProxy - Secured GET /swagger-ui/swagger-ui.css
2026-05-18 11:34:27 DEBUG o.s.security.web.FilterChainProxy - Secured GET /swagger-ui/swagger-ui-standalone-preset.js
2026-05-18 11:34:27 DEBUG o.s.s.w.a.AnonymousAuthenticationFilter - Set SecurityContextHolder to anonymous SecurityContext
2026-05-18 11:34:27 DEBUG o.s.security.web.FilterChainProxy - Secured GET /swagger-ui/index.css
2026-05-18 11:34:27 DEBUG o.s.security.web.FilterChainProxy - Securing GET /swagger-ui/swagger-initializer.js
2026-05-18 11:34:27 DEBUG o.s.s.w.a.AnonymousAuthenticationFilter - Set SecurityContextHolder to anonymous SecurityContext
2026-05-18 11:34:27 DEBUG o.s.security.web.FilterChainProxy - Secured GET /swagger-ui/swagger-initializer.js
2026-05-18 11:34:27 DEBUG o.s.security.web.FilterChainProxy - Securing GET /swagger-ui/favicon-16x16.png
2026-05-18 11:34:27 DEBUG o.s.s.w.a.AnonymousAuthenticationFilter - Set SecurityContextHolder to anonymous SecurityContext
2026-05-18 11:34:27 DEBUG o.s.security.web.FilterChainProxy - Secured GET /swagger-ui/favicon-16x16.png
2026-05-18 11:34:27 DEBUG o.s.security.web.FilterChainProxy - Securing GET /api-docs/swagger-config
2026-05-18 11:34:27 DEBUG o.s.s.w.a.AnonymousAuthenticationFilter - Set SecurityContextHolder to anonymous SecurityContext
2026-05-18 11:34:27 DEBUG o.s.security.web.FilterChainProxy - Secured GET /api-docs/swagger-config
2026-05-18 11:34:27 DEBUG o.s.security.web.FilterChainProxy - Securing GET /api-docs/auth-doc
2026-05-18 11:34:27 DEBUG o.s.s.w.a.AnonymousAuthenticationFilter - Set SecurityContextHolder to anonymous SecurityContext
2026-05-18 11:34:27 DEBUG o.s.security.web.FilterChainProxy - Secured GET /api-docs/auth-doc
2026-05-18 11:34:28 INFO  o.s.api.AbstractOpenApiResource - Init duration for springdoc-openapi is: 183 ms
2026-05-18 11:35:52 INFO  o.s.a.r.l.SimpleMessageListenerContainer - Waiting for workers to finish.
2026-05-18 11:35:52 INFO  o.s.a.r.l.SimpleMessageListenerContainer - Successfully waited for workers to finish.
2026-05-18 11:35:52 INFO  o.s.boot.tomcat.GracefulShutdown - Commencing graceful shutdown. Waiting for active requests to complete
2026-05-18 11:35:52 INFO  o.s.boot.tomcat.GracefulShutdown - Graceful shutdown complete
2026-05-18 11:35:53 INFO  o.s.o.j.LocalContainerEntityManagerFactoryBean - Closing JPA EntityManagerFactory for persistence unit 'default'
2026-05-18 11:35:53 INFO  com.zaxxer.hikari.HikariDataSource - HikariPool-1 - Shutdown initiated...
2026-05-18 11:35:53 INFO  com.zaxxer.hikari.HikariDataSource - HikariPool-1 - Shutdown completed.
